
> @blanketsmith/landing-page@0.0.0 build
> vite build

[36mvite v6.4.1 [32mbuilding for production...[36m[39m
transforming...
[32m✓[39m 33 modules transformed.
[31m✗[39m Build failed in 1.85s
[31merror during build:
[31m[vite]: Rollup failed to resolve import "framer-motion" from "C:/Users/Regin/OneDrive/Documents/GitHub/Deployed Project/BlanketSmith/apps/landing-page/src/pages/Partnerships.tsx".
This is most likely unintended because it can break your application at runtime.
If you do want to externalize this module explicitly add it to
`build.rollupOptions.external`[31m
    at viteLog (file:///C:/Users/Regin/OneDrive/Documents/GitHub/Deployed%20Project/BlanketSmith/node_modules/vite/dist/node/chunks/dep-D4NMHUTW.js:46374:15)
    at file:///C:/Users/Regin/OneDrive/Documents/GitHub/Deployed%20Project/BlanketSmith/node_modules/vite/dist/node/chunks/dep-D4NMHUTW.js:46432:18
    at onwarn (file:///C:/Users/Regin/OneDrive/Documents/GitHub/Deployed%20Project/BlanketSmith/node_modules/@vitejs/plugin-react-swc/index.js:90:7)
    at file:///C:/Users/Regin/OneDrive/Documents/GitHub/Deployed%20Project/BlanketSmith/node_modules/vite/dist/node/chunks/dep-D4NMHUTW.js:46430:7
    at onRollupLog (file:///C:/Users/Regin/OneDrive/Documents/GitHub/Deployed%20Project/BlanketSmith/node_modules/vite/dist/node/chunks/dep-D4NMHUTW.js:46422:5)
    at onLog (file:///C:/Users/Regin/OneDrive/Documents/GitHub/Deployed%20Project/BlanketSmith/node_modules/vite/dist/node/chunks/dep-D4NMHUTW.js:46072:7)
    at file:///C:/Users/Regin/OneDrive/Documents/GitHub/Deployed%20Project/BlanketSmith/node_modules/rollup/dist/es/shared/node-entry.js:20961:32
    at Object.logger [as onLog] (file:///C:/Users/Regin/OneDrive/Documents/GitHub/Deployed%20Project/BlanketSmith/node_modules/rollup/dist/es/shared/node-entry.js:22848:9)
    at ModuleLoader.handleInvalidResolvedId (file:///C:/Users/Regin/OneDrive/Documents/GitHub/Deployed%20Project/BlanketSmith/node_modules/rollup/dist/es/shared/node-entry.js:21592:26)
    at file:///C:/Users/Regin/OneDrive/Documents/GitHub/Deployed%20Project/BlanketSmith/node_modules/rollup/dist/es/shared/node-entry.js:21550:26[39m
npm error Lifecycle script `build` failed with error:
npm error code 1
npm error path C:\Users\Regin\OneDrive\Documents\GitHub\Deployed Project\BlanketSmith\apps\landing-page
npm error workspace @blanketsmith/landing-page@0.0.0
npm error location C:\Users\Regin\OneDrive\Documents\GitHub\Deployed Project\BlanketSmith\apps\landing-page
npm error command failed
npm error command C:\WINDOWS\system32\cmd.exe /d /s /c vite build
